Using pre-set license
Built from '2020.3/staging' branch; Version is '2020.3.23f1 (c5d91304a876) revision 12966163'; Using compiler version '192528614'; Build Type 'Release'
OS: 'Windows 10 Home; OS build 22000.978; Version 2009; 64bit' Language: 'fr' Physical Memory: 16270 MB
BatchMode: 1, IsHumanControllingUs: 0, StartBugReporterOnCrash: 0, Is64bit: 1, IsPro: 0

COMMAND LINE ARGUMENTS:
C:\Program Files\Unity\Hub\Editor\2020.3.23f1\Editor\Unity.exe
-adb2
-batchMode
-noUpm
-name
AssetImportWorker0
-projectPath
C:/Users/marcb/Documents/Unity Projects/LINEL_BOURGEOIS_CHATEIGNER_PROGJVAVANCEE_4A/WindJammersMCTS
-logFile
Logs/AssetImportWorker0.log
-srvPort
65399
Successfully changed project path to: C:/Users/marcb/Documents/Unity Projects/LINEL_BOURGEOIS_CHATEIGNER_PROGJVAVANCEE_4A/WindJammersMCTS
C:/Users/marcb/Documents/Unity Projects/LINEL_BOURGEOIS_CHATEIGNER_PROGJVAVANCEE_4A/WindJammersMCTS
Using Asset Import Pipeline V2.
Refreshing native plugins compatible for Editor in 50.04 ms, found 2 plugins.
Preloading 0 native plugins for Editor in 0.00 ms.
Initialize engine version: 2020.3.23f1 (c5d91304a876)
[Subsystems] Discovering subsystems at path C:/Program Files/Unity/Hub/Editor/2020.3.23f1/Editor/Data/Resources/UnitySubsystems
[Subsystems] Discovering subsystems at path C:/Users/marcb/Documents/Unity Projects/LINEL_BOURGEOIS_CHATEIGNER_PROGJVAVANCEE_4A/WindJammersMCTS/Assets
GfxDevice: creating device client; threaded=0
Direct3D:
    Version:  Direct3D 11.0 [level 11.1]
    Renderer: NVIDIA GeForce RTX 2070 (ID=0x1f14)
    Vendor:   
    VRAM:     8031 MB
    Driver:   31.0.15.1694
Initialize mono
Mono path[0] = 'C:/Program Files/Unity/Hub/Editor/2020.3.23f1/Editor/Data/Managed'
Mono path[1] = 'C:/Program Files/Unity/Hub/Editor/2020.3.23f1/Editor/Data/MonoBleedingEdge/lib/mono/unityjit'
Mono config path = 'C:/Program Files/Unity/Hub/Editor/2020.3.23f1/Editor/Data/MonoBleedingEdge/etc'
Using monoOptions --debugger-agent=transport=dt_socket,embedding=1,server=y,suspend=n,address=127.0.0.1:56336
Begin MonoManager ReloadAssembly
Registering precompiled unity dll's ...
Register platform support module: C:/Program Files/Unity/Hub/Editor/2020.3.23f1/Editor/Data/PlaybackEngines/WindowsStandaloneSupport/UnityEditor.WindowsStandalone.Extensions.dll
Registered in 0.002627 seconds.
Native extension for WindowsStandalone target not found
Refreshing native plugins compatible for Editor in 49.23 ms, found 2 plugins.
Preloading 0 native plugins for Editor in 0.00 ms.
Mono: successfully reloaded assembly
- Completed reload, in  0.916 seconds
Domain Reload Profiling:
	ReloadAssembly (916ms)
		BeginReloadAssembly (89ms)
			ExecutionOrderSort (0ms)
			DisableScriptedObjects (0ms)
			BackupInstance (0ms)
			ReleaseScriptingObjects (0ms)
			CreateAndSetChildDomain (1ms)
		EndReloadAssembly (704ms)
			LoadAssemblies (86ms)
			RebuildTransferFunctionScriptingTraits (0ms)
			SetupTypeCache (238ms)
			ReleaseScriptCaches (0ms)
			RebuildScriptCaches (47ms)
			SetupLoadedEditorAssemblies (261ms)
				LogAssemblyErrors (0ms)
				InitializePlatformSupportModulesInManaged (6ms)
				SetLoadedEditorAssemblies (1ms)
				RefreshPlugins (49ms)
				BeforeProcessingInitializeOnLoad (20ms)
				ProcessInitializeOnLoadAttributes (134ms)
				ProcessInitializeOnLoadMethodAttributes (50ms)
				AfterProcessingInitializeOnLoad (0ms)
				EditorAssembliesLoaded (0ms)
			ExecutionOrderSort2 (0ms)
			AwakeInstancesAfterBackupRestoration (0ms)
Platform modules already initialized, skipping
Registering precompiled user dll's ...
Registered in 0.007181 seconds.
Begin MonoManager ReloadAssembly
Native extension for WindowsStandalone target not found
Refreshing native plugins compatible for Editor in 0.43 ms, found 2 plugins.
Preloading 0 native plugins for Editor in 0.00 ms.
Mono: successfully reloaded assembly
- Completed reload, in  1.594 seconds
Domain Reload Profiling:
	ReloadAssembly (1595ms)
		BeginReloadAssembly (230ms)
			ExecutionOrderSort (0ms)
			DisableScriptedObjects (8ms)
			BackupInstance (0ms)
			ReleaseScriptingObjects (0ms)
			CreateAndSetChildDomain (25ms)
		EndReloadAssembly (1270ms)
			LoadAssemblies (139ms)
			RebuildTransferFunctionScriptingTraits (0ms)
			SetupTypeCache (465ms)
			ReleaseScriptCaches (0ms)
			RebuildScriptCaches (65ms)
			SetupLoadedEditorAssemblies (460ms)
				LogAssemblyErrors (0ms)
				InitializePlatformSupportModulesInManaged (7ms)
				SetLoadedEditorAssemblies (1ms)
				RefreshPlugins (1ms)
				BeforeProcessingInitializeOnLoad (137ms)
				ProcessInitializeOnLoadAttributes (292ms)
				ProcessInitializeOnLoadMethodAttributes (14ms)
				AfterProcessingInitializeOnLoad (9ms)
				EditorAssembliesLoaded (0ms)
			ExecutionOrderSort2 (0ms)
			AwakeInstancesAfterBackupRestoration (10ms)
Platform modules already initialized, skipping
========================================================================
Worker process is ready to serve import requests
Launched and connected shader compiler UnityShaderCompiler.exe after 0.19 seconds
Refreshing native plugins compatible for Editor in 0.43 ms, found 2 plugins.
Preloading 0 native plugins for Editor in 0.00 ms.
Unloading 1498 Unused Serialized files (Serialized files now loaded: 0)
System memory in use before: 68.0 MB.
System memory in use after: 68.0 MB.

Unloading 19 unused Assets to reduce memory usage. Loaded Objects now: 1930.
Total: 3.671000 ms (FindLiveObjects: 0.197600 ms CreateObjectMapping: 0.080500 ms MarkObjects: 3.302400 ms  DeleteObjects: 0.088900 ms)

AssetImportParameters requested are different than current active one (requested -> active):
  custom:framework-win-MediaFoundation: 216162199b28c13a410421893ffa2e32 -> 
  custom:video-decoder-ogg-theora: a1e56fd34408186e4bbccfd4996cb3dc -> 
  custom:container-muxer-webm: aa71ff27fc2769a1b78a27578f13a17b -> 
  custom:container-demuxer-webm: 4f35f7cbe854078d1ac9338744f61a02 -> 
  custom:container-demuxer-ogg: 62fdf1f143b41e24485cea50d1cbac27 -> 
  custom:video-encoder-webm-vp8: eb34c28f22e8b96e1ab97ce403110664 -> 
  custom:video-decoder-webm-vp8: 9c59270c3fd7afecdb556c50c9e8de78 -> 
  custom:audio-decoder-ogg-vorbis: bf7c407c2cedff20999df2af8eb42d56 -> 
  custom:audio-encoder-webm-vorbis: bf7c407c2cedff20999df2af8eb42d56 -> 
========================================================================
Received Import Request.
  path: Assets
  artifactKey: Guid(00000000000000001000000000000000) Importer(815301076,1909f56bfc062723c751e8b465ee728b)
Start importing Assets using Guid(00000000000000001000000000000000) Importer(815301076,1909f56bfc062723c751e8b465ee728b)  -> (artifact id: '42d402b061de3733987d63b9cc3b64de') in 0.006283 seconds 
  Import took 0.009472 seconds .

========================================================================
Received Import Request.
  Time since last request: 40.326334 seconds.
  path: Assets/Materials
  artifactKey: Guid(b3152649fc8034c439d082f9509a6fc2) Importer(815301076,1909f56bfc062723c751e8b465ee728b)
Start importing Assets/Materials using Guid(b3152649fc8034c439d082f9509a6fc2) Importer(815301076,1909f56bfc062723c751e8b465ee728b)  -> (artifact id: '0cd4a3ff13b3c71f79e4055b07bfdcdc') in 0.002959 seconds 
  Import took 0.011607 seconds .

========================================================================
Received Import Request.
  Time since last request: 12.120851 seconds.
  path: Assets/Materials/Filet.mat
  artifactKey: Guid(6f17b97c25a0f764e86cd4b79f1a0ca8) Importer(815301076,1909f56bfc062723c751e8b465ee728b)
Start importing Assets/Materials/Filet.mat using Guid(6f17b97c25a0f764e86cd4b79f1a0ca8) Importer(815301076,1909f56bfc062723c751e8b465ee728b)  -> (artifact id: '012556280624730c0bd793d33a696ab3') in 0.160766 seconds 
  Import took 0.164455 seconds .

========================================================================
Received Import Request.
  Time since last request: 133.040905 seconds.
  path: Assets/Materials/Grass.mat
  artifactKey: Guid(d9da9a8fc6db51e409942f80a9ecd790) Importer(815301076,1909f56bfc062723c751e8b465ee728b)
Start importing Assets/Materials/Grass.mat using Guid(d9da9a8fc6db51e409942f80a9ecd790) Importer(815301076,1909f56bfc062723c751e8b465ee728b)  -> (artifact id: '9cc4976718fef327b36e64f51d03bdbf') in 0.027850 seconds 
  Import took 0.031745 seconds .

========================================================================
Received Import Request.
  Time since last request: 292.658552 seconds.
  path: Assets/Materials/Filet.mat
  artifactKey: Guid(6f17b97c25a0f764e86cd4b79f1a0ca8) Importer(815301076,1909f56bfc062723c751e8b465ee728b)
Start importing Assets/Materials/Filet.mat using Guid(6f17b97c25a0f764e86cd4b79f1a0ca8) Importer(815301076,1909f56bfc062723c751e8b465ee728b)  -> (artifact id: 'cacf0739573fc905d7c540d8ade80f14') in 0.013321 seconds 
  Import took 0.017456 seconds .

========================================================================
Received Import Request.
  Time since last request: 0.000283 seconds.
  path: Assets/Materials/Grass.mat
  artifactKey: Guid(d9da9a8fc6db51e409942f80a9ecd790) Importer(815301076,1909f56bfc062723c751e8b465ee728b)
Start importing Assets/Materials/Grass.mat using Guid(d9da9a8fc6db51e409942f80a9ecd790) Importer(815301076,1909f56bfc062723c751e8b465ee728b)  -> (artifact id: 'beeca6bb41b6194724267b1923247b54') in 0.011255 seconds 
  Import took 0.014659 seconds .

AssetImportWorkerClient::OnTransportError - code=2 error=End of file
